[WARN ] 2019-09-11 15:27:55,547 method:com.allinpay.yunst.sdk.util.YunPropertiesLoader.getInputStream(YunPropertiesLoader.java:79)
'yunsdk.properties' not found 
[WARN ] 2019-09-11 15:28:49,022 method:com.allinpay.yunst.sdk.util.YunPropertiesLoader.getInputStream(YunPropertiesLoader.java:79)
'yunsdk.properties' not found 
[WARN ] 2019-09-11 15:44:12,238 method:com.allinpay.yunst.sdk.util.YunPropertiesLoader.getInputStream(YunPropertiesLoader.java:79)
'yunsdk.properties' not found 
[WARN ] 2019-09-11 15:45:02,874 method:com.allinpay.yunst.sdk.util.YunPropertiesLoader.getInputStream(YunPropertiesLoader.java:79)
'yunsdk.properties' not found 
[WARN ] 2019-09-11 15:46:38,674 method:com.allinpay.yunst.sdk.util.YunPropertiesLoader.getInputStream(YunPropertiesLoader.java:79)
'yunsdk.properties' not found 
[WARN ] 2019-09-11 15:54:35,089 method:com.allinpay.yunst.sdk.util.YunPropertiesLoader.getInputStream(YunPropertiesLoader.java:79)
'yunsdk.properties' not found 
[WARN ] 2019-09-11 16:20:38,700 method:com.allinpay.yunst.sdk.util.YunPropertiesLoader.getInputStream(YunPropertiesLoader.java:79)
'yunsdk.properties' not found 
[WARN ] 2019-09-11 16:24:02,331 method:com.allinpay.yunst.sdk.util.YunPropertiesLoader.getInputStream(YunPropertiesLoader.java:79)
'yunsdk.properties' not found 
[INFO ] 2019-09-11 16:25:43,601 method:com.allinpay.yunst.sdk.YunClient.assembleReq(YunClient.java:180)
request:{"sysid":"1902271423530473681","v":"2.0","timestamp":"2019-09-11 16:25:43","sign":"pNijRb4itQfRdI0ylQEMfzHJ3vlu4Yeyu1mLcQuOKIouC6xKKQwNmBn/ZgBudusVovdcIVENnVDNLbtZPFskmflgqfECKNXQyjoI1EC8nEZZ2eILamF0xaSnJ73fHS7voaX5cWxNM5qyixWUm2X1HcNfR5Cc9bg1/JM+Zju1/t0=","req":"{\"method\":\"createMember\",\"param\":{\"serialVersionUID\":-8809511241662352693,\"bizUserId\":\"FHT1568190340463\",\"memberType\":2,\"source\":2},\"service\":\"MemberService\"}"}
[INFO ] 2019-09-11 16:25:43,601 method:com.allinpay.yunst.sdk.YunClient.encodeOnce(YunClient.java:96)
request is :{"method":"createMember","param":{"serialVersionUID":-8809511241662352693,"bizUserId":"FHT1568190340463","memberType":2,"source":2},"service":"MemberService"}
[INFO ] 2019-09-11 16:25:43,601 method:com.allinpay.yunst.sdk.YunClient.encodeOnce(YunClient.java:100)
key is :sysid; value is 1902271423530473681
[INFO ] 2019-09-11 16:25:43,602 method:com.allinpay.yunst.sdk.YunClient.encodeOnce(YunClient.java:100)
key is :v; value is 2.0
[INFO ] 2019-09-11 16:25:43,602 method:com.allinpay.yunst.sdk.YunClient.encodeOnce(YunClient.java:100)
key is :timestamp; value is 2019-09-11 16:25:43
[INFO ] 2019-09-11 16:25:43,602 method:com.allinpay.yunst.sdk.YunClient.encodeOnce(YunClient.java:100)
key is :sign; value is pNijRb4itQfRdI0ylQEMfzHJ3vlu4Yeyu1mLcQuOKIouC6xKKQwNmBn/ZgBudusVovdcIVENnVDNLbtZPFskmflgqfECKNXQyjoI1EC8nEZZ2eILamF0xaSnJ73fHS7voaX5cWxNM5qyixWUm2X1HcNfR5Cc9bg1/JM+Zju1/t0=
[INFO ] 2019-09-11 16:25:43,602 method:com.allinpay.yunst.sdk.YunClient.encodeOnce(YunClient.java:100)
key is :req; value is {"method":"createMember","param":{"serialVersionUID":-8809511241662352693,"bizUserId":"FHT1568190340463","memberType":2,"source":2},"service":"MemberService"}
[INFO ] 2019-09-11 16:25:43,746 method:com.allinpay.yunst.sdk.YunClient.request(YunClient.java:78)
response:{"sysid":"1902271423530473681","sign":"Yy5FJl7wu5vJYtaFXs2hjACzAO596eitIFl0c6gkZguyMy28IoyvmrMNynG0w2N7wTW08spyYbt3EiJVr32+jcw8Xgis4TTU6lspChDVZw9U90mUdDUgkCFuJg0SpVn7Ic/6g+2PeM+RE1qPY89oV5KfAickPTiOUE0H1S2zPGU=","signedValue":"{\"userId\":\"de643fea-1aa3-4b5f-b05f-3b0020be0d1f\",\"bizUserId\":\"FHT1568190340463\"}","status":"OK"}
